<?xml version="1.0" encoding="UTF-8"?>
<testsuite xmlns:xsi="http://www.w3.org/2001/XMLSchema-instance" xsi:noNamespaceSchemaLocation="https://maven.apache.org/surefire/maven-surefire-plugin/xsd/surefire-test-report.xsd" version="3.0.2" name="com.integrations.confluence.confluenceIntegrationDemo.ConfluenceIntegrationDemoApplicationTests" time="1.571" tests="1" errors="0" skipped="0" failures="0">
  <properties>
[...]
</properties>
  <testcase name="contextLoads" classname="com.integrations.confluence.confluenceIntegrationDemo.ConfluenceIntegrationDemoApplicationTests" time="0.677">
    <system-out><![CDATA[00:33:42.503 [main] INFO org.springframework.test.context.support.AnnotationConfigContextLoaderUtils -- Could not detect default configuration classes for test class [com.integrations.confluence.confluenceIntegrationDemo.ConfluenceIntegrationDemoApplicationTests]: ConfluenceIntegrationDemoApplicationTests does not declare any static, non-private, non-final, nested classes annotated with @Configuration.
00:33:42.556 [main] INFO org.springframework.boot.test.context.SpringBootTestContextBootstrapper -- Found @SpringBootConfiguration com.integrations.confluence.confluenceIntegrationDemo.ConfluenceIntegrationDemoApplication for test class com.integrations.confluence.confluenceIntegrationDemo.ConfluenceIntegrationDemoApplicationTests

  .   ____          _            __ _ _
 /\\ / ___'_ __ _ _(_)_ __  __ _ \ \ \ \
( ( )\___ | '_ | '_| | '_ \/ _` | \ \ \ \
 \\/  ___)| |_)| | | | | || (_| |  ) ) ) )
  '  |____| .__|_| |_|_| |_\__, | / / / /
 =========|_|==============|___/=/_/_/_/

 :: Spring Boot ::                (v3.4.2)

2025-02-02T00:33:42.726-06:00  WARN 74953 --- [confluenceIntegrationDemo] [           main] ory$DuplicateJsonObjectContextCustomizer : 

Found multiple occurrences of org.json.JSONObject on the class path:

	jar:file:/Users/timsiwula/.m2/repository/com/vaadin/external/google/android-json/0.0.20131108.vaadin1/android-json-0.0.20131108.vaadin1.jar!/org/json/JSONObject.class
	jar:file:/Users/timsiwula/.m2/repository/org/json/json/20220320/json-20220320.jar!/org/json/JSONObject.class

You may wish to exclude one of them to ensure predictable runtime behavior

2025-02-02T00:33:42.735-06:00  INFO 74953 --- [confluenceIntegrationDemo] [           main] onfluenceIntegrationDemoApplicationTests : Starting ConfluenceIntegrationDemoApplicationTests using Java 17.0.12 with PID 74953 (started by timsiwula in /Users/timsiwula/code/integrations/confluence)
2025-02-02T00:33:42.735-06:00  INFO 74953 --- [confluenceIntegrationDemo] [           main] onfluenceIntegrationDemoApplicationTests : No active profile set, falling back to 1 default profile: "default"
2025-02-02T00:33:43.311-06:00  INFO 74953 --- [confluenceIntegrationDemo] [           main] onfluenceIntegrationDemoApplicationTests : Started ConfluenceIntegrationDemoApplicationTests in 0.695 seconds (process running for 1.372)
]]></system-out>
  </testcase>
</testsuite>