<?xml version="1.0" encoding="UTF-8"?>
<testsuite xmlns:xsi="http://www.w3.org/2001/XMLSchema-instance" xsi:noNamespaceSchemaLocation="https://maven.apache.org/surefire/maven-surefire-plugin/xsd/surefire-test-report.xsd" version="3.0.2" name="com.integrations.confluence.confluenceIntegrationDemo.ConfluenceIntegrationDemoApplicationTests" time="0.99" tests="1" errors="0" skipped="0" failures="0">
  <properties>
[...]
</properties>
  <testcase name="contextLoads" classname="com.integrations.confluence.confluenceIntegrationDemo.ConfluenceIntegrationDemoApplicationTests" time="0.443">
    <system-out><![CDATA[20:35:37.631 [main] INFO org.springframework.test.context.support.AnnotationConfigContextLoaderUtils -- Could not detect default configuration classes for test class [com.integrations.confluence.confluenceIntegrationDemo.ConfluenceIntegrationDemoApplicationTests]: ConfluenceIntegrationDemoApplicationTests does not declare any static, non-private, non-final, nested classes annotated with @Configuration.
20:35:37.683 [main] INFO org.springframework.boot.test.context.SpringBootTestContextBootstrapper -- Found @SpringBootConfiguration com.integrations.confluence.confluenceIntegrationDemo.ConfluenceIntegrationDemoApplication for test class com.integrations.confluence.confluenceIntegrationDemo.ConfluenceIntegrationDemoApplicationTests

  .   ____          _            __ _ _
 /\\ / ___'_ __ _ _(_)_ __  __ _ \ \ \ \
( ( )\___ | '_ | '_| | '_ \/ _` | \ \ \ \
 \\/  ___)| |_)| | | | | || (_| |  ) ) ) )
  '  |____| .__|_| |_|_| |_\__, | / / / /
 =========|_|==============|___/=/_/_/_/

 :: Spring Boot ::                (v3.4.2)

2025-02-01T20:35:37.861-06:00  INFO 37010 --- [confluenceIntegrationDemo] [           main] onfluenceIntegrationDemoApplicationTests : Starting ConfluenceIntegrationDemoApplicationTests using Java 23.0.2 with PID 37010 (started by timsiwula in /Users/timsiwula/code/integrations/confluence)
2025-02-01T20:35:37.861-06:00  INFO 37010 --- [confluenceIntegrationDemo] [           main] onfluenceIntegrationDemoApplicationTests : No active profile set, falling back to 1 default profile: "default"
2025-02-01T20:35:38.086-06:00  INFO 37010 --- [confluenceIntegrationDemo] [           main] onfluenceIntegrationDemoApplicationTests : Started ConfluenceIntegrationDemoApplicationTests in 0.342 seconds (process running for 0.774)
]]></system-out>
    <system-err><![CDATA[Mockito is currently self-attaching to enable the inline-mock-maker. This will no longer work in future releases of the JDK. Please add Mockito as an agent to your build what is described in Mockito's documentation: https://javadoc.io/doc/org.mockito/mockito-core/latest/org/mockito/Mockito.html#0.3
WARNING: A Java agent has been loaded dynamically (/Users/timsiwula/.m2/repository/net/bytebuddy/byte-buddy-agent/1.15.11/byte-buddy-agent-1.15.11.jar)
WARNING: If a serviceability tool is in use, please run with -XX:+EnableDynamicAgentLoading to hide this warning
WARNING: If a serviceability tool is not in use, please run with -Djdk.instrument.traceUsage for more information
WARNING: Dynamic loading of agents will be disallowed by default in a future release
]]></system-err>
  </testcase>
</testsuite>